  main.c
Y:\Coding_Studing\C_Lang_Project_Back_Server\C_Lang_Project_Back_Server\main.c(34,20): warning C4047: '초기화 중': 'char *'의 간접 참조 수준이 'int'과(와) 다릅니다.
Y:\Coding_Studing\C_Lang_Project_Back_Server\C_Lang_Project_Back_Server\main.c(46,19): warning C4047: '=': 'char'의 간접 참조 수준이 'void *'과(와) 다릅니다.
Y:\Coding_Studing\C_Lang_Project_Back_Server\C_Lang_Project_Back_Server\main.c(60,21): warning C4047: '=': 'char'의 간접 참조 수준이 'void *'과(와) 다릅니다.
Y:\Coding_Studing\C_Lang_Project_Back_Server\C_Lang_Project_Back_Server\main.c(73,41): warning C4267: '함수': 'size_t'에서 'int'(으)로 변환하면서 데이터가 손실될 수 있습니다.
Y:\Coding_Studing\C_Lang_Project_Back_Server\C_Lang_Project_Back_Server\main.c(85,11): warning C4047: '초기화 중': 'short'의 간접 참조 수준이 'MYSQL *'과(와) 다릅니다.
Y:\Coding_Studing\C_Lang_Project_Back_Server\C_Lang_Project_Back_Server\main.c(135,34): warning C4047: '=': 'char'의 간접 참조 수준이 'void *'과(와) 다릅니다.
Y:\Coding_Studing\C_Lang_Project_Back_Server\C_Lang_Project_Back_Server\main.c(136,29): warning C4477: 'sprintf' : 서식 문자열 '%ld'에 'long' 형식의 인수가 필요하지만 variadic 인수 1의 형식이 '__int64'입니다.
  Y:\Coding_Studing\C_Lang_Project_Back_Server\C_Lang_Project_Back_Server\main.c(136,29):
  서식 문자열에서 '%lld'을(를) 사용하는 것이 좋습니다.
  Y:\Coding_Studing\C_Lang_Project_Back_Server\C_Lang_Project_Back_Server\main.c(136,29):
  서식 문자열에서 '%Id'을(를) 사용하는 것이 좋습니다.
  Y:\Coding_Studing\C_Lang_Project_Back_Server\C_Lang_Project_Back_Server\main.c(136,29):
  서식 문자열에서 '%I64d'을(를) 사용하는 것이 좋습니다.
  
Y:\Coding_Studing\C_Lang_Project_Back_Server\C_Lang_Project_Back_Server\main.c(137,39): warning C4267: '함수': 'size_t'에서 'int'(으)로 변환하면서 데이터가 손실될 수 있습니다.
Y:\Coding_Studing\C_Lang_Project_Back_Server\C_Lang_Project_Back_Server\main.c(138,43): warning C4244: '함수': '__int64'에서 'int'(으)로 변환하면서 데이터가 손실될 수 있습니다.
Y:\Coding_Studing\C_Lang_Project_Back_Server\C_Lang_Project_Back_Server\main.c(144,41): warning C4267: '함수': 'size_t'에서 'int'(으)로 변환하면서 데이터가 손실될 수 있습니다.
  코드를 생성하고 있습니다.
  2 of 17 functions (11.8%) were compiled, the rest were copied from previous compilation.
    0 functions were new in current compilation
    1 functions had inline decision re-evaluated but remain unchanged
  코드를 생성했습니다.
  C_Lang_Project_Back_Server.vcxproj -> Y:\Coding_Studing\C_Lang_Project_Back_Server\x64\Release\C_Lang_Project_Back_Server.exe
